# JRE version: Java(TM) SE Runtime Environment 18.9 (11.0.23+7) (build 11.0.23+7-LTS-222)
# Java VM: Java HotSpot(TM) 64-Bit Server VM 18.9 (11.0.23+7-LTS-222, mixed mode, tiered, compressed oops, g1 gc, windows-amd64)
Heap:
 garbage-first heap   total 262144K, used 21022K [0x00000000e0000000, 0x0000000100000000)
  region size 1024K, 12 young (12288K), 9 survivors (9216K)
 Metaspace       used 21305K, capacity 21845K, committed 22016K, reserved 425984K
  class space    used 2542K, capacity 2734K, committed 2816K, reserved 385024K
GC Heap History (8 events):
Event: 0.315 GC heap before
{Heap before GC invocations=0 (full 0):
 garbage-first heap   total 262144K, used 27648K [0x00000000e0000000, 0x0000000100000000)
  region size 1024K, 24 young (24576K), 0 survivors (0K)
 Metaspace       used 7827K, capacity 7968K, committed 8192K, reserved 393216K
  class space    used 710K, capacity 761K, committed 768K, reserved 385024K
}
Event: 0.318 GC heap after
{Heap after GC invocations=1 (full 0):
 garbage-first heap   total 262144K, used 10761K [0x00000000e0000000, 0x0000000100000000)
  region size 1024K, 3 young (3072K), 3 survivors (3072K)
 Metaspace       used 7827K, capacity 7968K, committed 8192K, reserved 393216K
  class space    used 710K, capacity 761K, committed 768K, reserved 385024K
}
Event: 1.274 GC heap before
{Heap before GC invocations=1 (full 0):
 garbage-first heap   total 262144K, used 132617K [0x00000000e0000000, 0x0000000100000000)
  region size 1024K, 121 young (123904K), 3 survivors (3072K)
 Metaspace       used 20498K, capacity 20916K, committed 20992K, reserved 409600K
  class space    used 2382K, capacity 2502K, committed 2560K, reserved 385024K
}
Event: 1.280 GC heap after
{Heap after GC invocations=2 (full 0):
 garbage-first heap   total 262144K, used 20083K [0x00000000e0000000, 0x0000000100000000)
  region size 1024K, 12 young (12288K), 12 survivors (12288K)
 Metaspace       used 20498K, capacity 20916K, committed 20992K, reserved 409600K
  class space    used 2382K, capacity 2502K, committed 2560K, reserved 385024K
}
Event: 1.309 GC heap before
{Heap before GC invocations=3 (full 0):
 garbage-first heap   total 262144K, used 24179K [0x00000000e0000000, 0x0000000100000000)
  region size 1024K, 17 young (17408K), 12 survivors (12288K)
 Metaspace       used 20878K, capacity 21303K, committed 21376K, reserved 415744K
  class space    used 2468K, capacity 2615K, committed 2688K, reserved 385024K
}
Event: 1.313 GC heap after
{Heap after GC invocations=4 (full 0):
 garbage-first heap   total 262144K, used 20432K [0x00000000e0000000, 0x0000000100000000)
  region size 1024K, 9 young (9216K), 9 survivors (9216K)
 Metaspace       used 20878K, capacity 21303K, committed 21376K, reserved 415744K
  class space    used 2468K, capacity 2615K, committed 2688K, reserved 385024K
}
Event: 1.326 GC heap before
{Heap before GC invocations=5 (full 0):
 garbage-first heap   total 262144K, used 22480K [0x00000000e0000000, 0x0000000100000000)
  region size 1024K, 12 young (12288K), 9 survivors (9216K)
 Metaspace       used 21071K, capacity 21592K, committed 21632K, reserved 423936K
  class space    used 2498K, capacity 2648K, committed 2688K, reserved 385024K
}
Event: 1.328 GC heap after
{Heap after GC invocations=6 (full 0):
 garbage-first heap   total 262144K, used 19998K [0x00000000e0000000, 0x0000000100000000)
  region size 1024K, 9 young (9216K), 9 survivors (9216K)
 Metaspace       used 21071K, capacity 21592K, committed 21632K, reserved 423936K
  class space    used 2498K, capacity 2648K, committed 2688K, reserved 385024K
}

