# JRE version: Java(TM) SE Runtime Environment 18.9 (11.0.23+7) (build 11.0.23+7-LTS-222)
# Java VM: Java HotSpot(TM) 64-Bit Server VM 18.9 (11.0.23+7-LTS-222, mixed mode, tiered, compressed oops, g1 gc, windows-amd64)
Heap:
 garbage-first heap   total 258048K, used 98224K [0x0000000704600000, 0x0000000800000000)
  region size 1024K, 93 young (95232K), 8 survivors (8192K)
 Metaspace       used 46155K, capacity 47299K, committed 47616K, reserved 1091584K
  class space    used 5587K, capacity 6070K, committed 6144K, reserved 1048576K
GC Heap History (10 events):
Event: 0.542 GC heap before
{Heap before GC invocations=0 (full 0):
 garbage-first heap   total 258048K, used 23552K [0x0000000704600000, 0x0000000800000000)
  region size 1024K, 24 young (24576K), 0 survivors (0K)
 Metaspace       used 13100K, capacity 13355K, committed 13440K, reserved 1060864K
  class space    used 1330K, capacity 1408K, committed 1408K, reserved 1048576K
}
Event: 0.545 GC heap after
{Heap after GC invocations=1 (full 0):
 garbage-first heap   total 258048K, used 5036K [0x0000000704600000, 0x0000000800000000)
  region size 1024K, 3 young (3072K), 3 survivors (3072K)
 Metaspace       used 13100K, capacity 13355K, committed 13440K, reserved 1060864K
  class space    used 1330K, capacity 1408K, committed 1408K, reserved 1048576K
}
Event: 0.933 GC heap before
{Heap before GC invocations=1 (full 0):
 garbage-first heap   total 258048K, used 40876K [0x0000000704600000, 0x0000000800000000)
  region size 1024K, 39 young (39936K), 3 survivors (3072K)
 Metaspace       used 20680K, capacity 21108K, committed 21248K, reserved 1069056K
  class space    used 2309K, capacity 2480K, committed 2560K, reserved 1048576K
}
Event: 0.937 GC heap after
{Heap after GC invocations=2 (full 0):
 garbage-first heap   total 258048K, used 6705K [0x0000000704600000, 0x0000000800000000)
  region size 1024K, 5 young (5120K), 5 survivors (5120K)
 Metaspace       used 20680K, capacity 21108K, committed 21248K, reserved 1069056K
  class space    used 2309K, capacity 2480K, committed 2560K, reserved 1048576K
}
Event: 1.177 GC heap before
{Heap before GC invocations=3 (full 0):
 garbage-first heap   total 258048K, used 45617K [0x0000000704600000, 0x0000000800000000)
  region size 1024K, 44 young (45056K), 5 survivors (5120K)
 Metaspace       used 26997K, capacity 27611K, committed 27648K, reserved 1073152K
  class space    used 3115K, capacity 3322K, committed 3328K, reserved 1048576K
}
Event: 1.181 GC heap after
{Heap after GC invocations=4 (full 0):
 garbage-first heap   total 258048K, used 8673K [0x0000000704600000, 0x0000000800000000)
  region size 1024K, 4 young (4096K), 4 survivors (4096K)
 Metaspace       used 26997K, capacity 27611K, committed 27648K, reserved 1073152K
  class space    used 3115K, capacity 3322K, committed 3328K, reserved 1048576K
}
Event: 1.752 GC heap before
{Heap before GC invocations=4 (full 0):
 garbage-first heap   total 258048K, used 72161K [0x0000000704600000, 0x0000000800000000)
  region size 1024K, 66 young (67584K), 4 survivors (4096K)
 Metaspace       used 33797K, capacity 34645K, committed 34816K, reserved 1079296K
  class space    used 3991K, capacity 4317K, committed 4352K, reserved 1048576K
}
Event: 1.755 GC heap after
{Heap after GC invocations=5 (full 0):
 garbage-first heap   total 258048K, used 11685K [0x0000000704600000, 0x0000000800000000)
  region size 1024K, 7 young (7168K), 7 survivors (7168K)
 Metaspace       used 33797K, capacity 34645K, committed 34816K, reserved 1079296K
  class space    used 3991K, capacity 4317K, committed 4352K, reserved 1048576K
}
Event: 1.840 GC heap before
{Heap before GC invocations=5 (full 0):
 garbage-first heap   total 258048K, used 17829K [0x0000000704600000, 0x0000000800000000)
  region size 1024K, 14 young (14336K), 7 survivors (7168K)
 Metaspace       used 34978K, capacity 35801K, committed 35840K, reserved 1081344K
  class space    used 4143K, capacity 4450K, committed 4480K, reserved 1048576K
}
Event: 1.844 GC heap after
{Heap after GC invocations=6 (full 0):
 garbage-first heap   total 258048K, used 12208K [0x0000000704600000, 0x0000000800000000)
  region size 1024K, 8 young (8192K), 8 survivors (8192K)
 Metaspace       used 34978K, capacity 35801K, committed 35840K, reserved 1081344K
  class space    used 4143K, capacity 4450K, committed 4480K, reserved 1048576K
}

