# JRE version: Java(TM) SE Runtime Environment 18.9 (11.0.23+7) (build 11.0.23+7-LTS-222)
# Java VM: Java HotSpot(TM) 64-Bit Server VM 18.9 (11.0.23+7-LTS-222, mixed mode, tiered, compressed oops, g1 gc, windows-amd64)
Heap:
 garbage-first heap   total 58368K, used 31136K [0x0000000704600000, 0x0000000800000000)
  region size 1024K, 15 young (15360K), 4 survivors (4096K)
 Metaspace       used 51968K, capacity 53806K, committed 53888K, reserved 1095680K
  class space    used 6091K, capacity 6766K, committed 6784K, reserved 1048576K
GC Heap History (10 events):
Event: 647.815 GC heap before
{Heap before GC invocations=19 (full 5):
 garbage-first heap   total 58368K, used 42875K [0x0000000704600000, 0x0000000800000000)
  region size 1024K, 26 young (26624K), 0 survivors (0K)
 Metaspace       used 51412K, capacity 53156K, committed 53376K, reserved 1095680K
  class space    used 6063K, capacity 6683K, committed 6784K, reserved 1048576K
}
Event: 647.817 GC heap after
{Heap after GC invocations=20 (full 5):
 garbage-first heap   total 58368K, used 18019K [0x0000000704600000, 0x0000000800000000)
  region size 1024K, 2 young (2048K), 2 survivors (2048K)
 Metaspace       used 51412K, capacity 53156K, committed 53376K, reserved 1095680K
  class space    used 6063K, capacity 6683K, committed 6784K, reserved 1048576K
}
Event: 647.933 GC heap before
{Heap before GC invocations=20 (full 5):
 garbage-first heap   total 58368K, used 43619K [0x0000000704600000, 0x0000000800000000)
  region size 1024K, 27 young (27648K), 2 survivors (2048K)
 Metaspace       used 51624K, capacity 53344K, committed 53632K, reserved 1095680K
  class space    used 6076K, capacity 6723K, committed 6784K, reserved 1048576K
}
Event: 647.935 GC heap after
{Heap after GC invocations=21 (full 5):
 garbage-first heap   total 58368K, used 19507K [0x0000000704600000, 0x0000000800000000)
  region size 1024K, 4 young (4096K), 4 survivors (4096K)
 Metaspace       used 51624K, capacity 53344K, committed 53632K, reserved 1095680K
  class space    used 6076K, capacity 6723K, committed 6784K, reserved 1048576K
}
Event: 775.878 GC heap before
{Heap before GC invocations=21 (full 5):
 garbage-first heap   total 58368K, used 38963K [0x0000000704600000, 0x0000000800000000)
  region size 1024K, 24 young (24576K), 4 survivors (4096K)
 Metaspace       used 51731K, capacity 53484K, committed 53632K, reserved 1095680K
  class space    used 6078K, capacity 6727K, committed 6784K, reserved 1048576K
}
Event: 775.904 GC heap after
{Heap after GC invocations=22 (full 6):
 garbage-first heap   total 58368K, used 17643K [0x0000000704600000, 0x0000000800000000)
  region size 1024K, 0 young (0K), 0 survivors (0K)
 Metaspace       used 51728K, capacity 53478K, committed 53632K, reserved 1095680K
  class space    used 6077K, capacity 6725K, committed 6784K, reserved 1048576K
}
Event: 776.057 GC heap before
{Heap before GC invocations=22 (full 6):
 garbage-first heap   total 58368K, used 43243K [0x0000000704600000, 0x0000000800000000)
  region size 1024K, 25 young (25600K), 0 survivors (0K)
 Metaspace       used 51808K, capacity 53574K, committed 53632K, reserved 1095680K
  class space    used 6083K, capacity 6731K, committed 6784K, reserved 1048576K
}
Event: 776.058 GC heap after
{Heap after GC invocations=23 (full 6):
 garbage-first heap   total 58368K, used 19413K [0x0000000704600000, 0x0000000800000000)
  region size 1024K, 2 young (2048K), 2 survivors (2048K)
 Metaspace       used 51808K, capacity 53574K, committed 53632K, reserved 1095680K
  class space    used 6083K, capacity 6731K, committed 6784K, reserved 1048576K
}
Event: 776.177 GC heap before
{Heap before GC invocations=23 (full 6):
 garbage-first heap   total 58368K, used 43989K [0x0000000704600000, 0x0000000800000000)
  region size 1024K, 26 young (26624K), 2 survivors (2048K)
 Metaspace       used 51949K, capacity 53806K, committed 53888K, reserved 1095680K
  class space    used 6091K, capacity 6766K, committed 6784K, reserved 1048576K
}
Event: 776.178 GC heap after
{Heap after GC invocations=24 (full 6):
 garbage-first heap   total 58368K, used 20896K [0x0000000704600000, 0x0000000800000000)
  region size 1024K, 4 young (4096K), 4 survivors (4096K)
 Metaspace       used 51949K, capacity 53806K, committed 53888K, reserved 1095680K
  class space    used 6091K, capacity 6766K, committed 6784K, reserved 1048576K
}

